[debug] [2021-01-03T18:36:13.540Z] ----------------------------------------------------------------------
[debug] [2021-01-03T18:36:13.542Z] Command:       C:\Program Files\nodejs\node.exe C:\Users\itzda\AppData\Roaming\npm\node_modules\firebase-tools\lib\bin\firebase.js init
[debug] [2021-01-03T18:36:13.542Z] CLI Version:   9.1.0
[debug] [2021-01-03T18:36:13.543Z] Platform:      win32
[debug] [2021-01-03T18:36:13.543Z] Node Version:  v14.15.1
[debug] [2021-01-03T18:36:13.543Z] Time:          Sun Jan 03 2021 13:36:13 GMT-0500 (Eastern Standard Time)
[debug] [2021-01-03T18:36:13.544Z] ----------------------------------------------------------------------
[debug] [2021-01-03T18:36:13.544Z] 
[debug] [2021-01-03T18:36:13.549Z] > command requires scopes: ["email","openid","https://www.googleapis.com/auth/cloudplatformprojects.readonly","https://www.googleapis.com/auth/firebase","https://www.googleapis.com/auth/cloud-platform"]
[debug] [2021-01-03T18:36:13.549Z] > authorizing via signed-in user
[info] 
     ######## #### ########  ######## ########     ###     ######  ########
     ##        ##  ##     ## ##       ##     ##  ##   ##  ##       ##
     ######    ##  ########  ######   ########  #########  ######  ######
     ##        ##  ##    ##  ##       ##     ## ##     ##       ## ##
     ##       #### ##     ## ######## ########  ##     ##  ######  ########

You're about to initialize a Firebase project in this directory:

  C:\Users\itzda\six-keys

[info] 
=== Project Setup
[info] 
[info] First, let's associate this project directory with a Firebase project.
[info] You can create multiple project aliases by running firebase use --add, 
[info] but for now we'll just set up a default project.
[info] 
[info] i  If you want to create a project in a Google Cloud organization or folder, please use "firebase projects:create" instead, and return to this command when you've created the project. 
